2026-03-19T00:01:53.369+05:30  INFO 19884 --- [core_service] [File Watcher] rtingClassPathChangeChangedEventListener : Restarting due to 1 class path change (0 additions, 1 deletion, 0 modifications)
2026-03-19T00:01:53.876+05:30  INFO 19884 --- [core_service] [Thread-1] o.s.boot.tomcat.GracefulShutdown         : Commencing graceful shutdown. Waiting for active requests to complete
2026-03-19T00:01:54.250+05:30  INFO 19884 --- [core_service] [tomcat-shutdown] o.s.boot.tomcat.GracefulShutdown         : Graceful shutdown complete
2026-03-19T00:01:54.260+05:30  INFO 19884 --- [core_service] [Thread-1] j.LocalContainerEntityManagerFactoryBean : Closing JPA EntityManagerFactory for persistence unit 'default'
2026-03-19T00:01:54.280+05:30  INFO 19884 --- [core_service] [Thread-1] com.zaxxer.hikari.HikariDataSource       : HikariPool-1 - Shutdown initiated...
2026-03-19T00:01:54.288+05:30  INFO 19884 --- [core_service] [Thread-1] com.zaxxer.hikari.HikariDataSource       : HikariPool-1 - Shutdown completed.
2026-03-19T00:01:54.474+05:30  INFO 19884 --- [core_service] [restartedMain] c.n.core_service.CoreServiceApplication  : Starting CoreServiceApplication using Java 17.0.12 with PID 19884 (D:\Naved_project_conf\core_service\build\classes\java\main started by Lenovo in D:\Naved_project_conf\core_service)
2026-03-19T00:01:54.474+05:30  INFO 19884 --- [core_service] [restartedMain] c.n.core_service.CoreServiceApplication  : No active profile set, falling back to 1 default profile: "default"
2026-03-19T00:01:54.723+05:30  INFO 19884 --- [core_service] [restartedMain] .s.d.r.c.RepositoryConfigurationDelegate : Bootstrapping Spring Data JPA repositories in DEFAULT mode.
2026-03-19T00:01:54.773+05:30  INFO 19884 --- [core_service] [restartedMain] .s.d.r.c.RepositoryConfigurationDelegate : Finished Spring Data repository scanning in 46 ms. Found 7 JPA repository interfaces.
2026-03-19T00:01:54.910+05:30  INFO 19884 --- [core_service] [restartedMain] o.s.boot.tomcat.TomcatWebServer          : Tomcat initialized with port 9092 (http)
2026-03-19T00:01:54.911+05:30  INFO 19884 --- [core_service] [restartedMain] o.apache.catalina.core.StandardService   : Starting service [Tomcat]
2026-03-19T00:01:54.912+05:30  INFO 19884 --- [core_service] [restartedMain] o.apache.catalina.core.StandardEngine    : Starting Servlet engine: [Apache Tomcat/11.0.18]
2026-03-19T00:01:54.948+05:30  INFO 19884 --- [core_service] [restartedMain] b.w.c.s.WebApplicationContextInitializer : Root WebApplicationContext: initialization completed in 467 ms
2026-03-19T00:01:54.997+05:30  INFO 19884 --- [core_service] [restartedMain] com.zaxxer.hikari.HikariDataSource       : HikariPool-2 - Starting...
2026-03-19T00:01:55.079+05:30  INFO 19884 --- [core_service] [restartedMain] com.zaxxer.hikari.pool.HikariPool        : HikariPool-2 - Added connection org.postgresql.jdbc.PgConnection@227532b8
2026-03-19T00:01:55.080+05:30  INFO 19884 --- [core_service] [restartedMain] com.zaxxer.hikari.HikariDataSource       : HikariPool-2 - Start completed.
2026-03-19T00:01:55.082+05:30  INFO 19884 --- [core_service] [restartedMain] org.hibernate.orm.jpa                    : HHH008540: Processing PersistenceUnitInfo [name: default]
2026-03-19T00:01:55.139+05:30  INFO 19884 --- [core_service] [restartedMain] o.s.o.j.p.SpringPersistenceUnitInfo      : No LoadTimeWeaver setup: ignoring JPA class transformer
2026-03-19T00:01:55.164+05:30  INFO 19884 --- [core_service] [restartedMain] org.hibernate.orm.connections.pooling    : HHH10001005: Database info:
	Database JDBC URL [jdbc:postgresql://localhost:5432/core_postgres]
	Database driver: PostgreSQL JDBC Driver
	Database dialect: PostgreSQLDialect
	Database version: 15.17
	Default catalog/schema: core_postgres/public
	Autocommit mode: undefined/unknown
	Isolation level: READ_COMMITTED [default READ_COMMITTED]
	JDBC fetch size: none
	Pool: DataSourceConnectionProvider
	Minimum pool size: undefined/unknown
	Maximum pool size: undefined/unknown
2026-03-19T00:01:55.389+05:30  INFO 19884 --- [core_service] [restartedMain] org.hibernate.orm.core                   : HHH000489: No JTA platform available (set 'hibernate.transaction.jta.platform' to enable JTA platform integration)
2026-03-19T00:01:55.391+05:30  INFO 19884 --- [core_service] [restartedMain] j.LocalContainerEntityManagerFactoryBean : Initialized JPA EntityManagerFactory for persistence unit 'default'
2026-03-19T00:01:55.573+05:30  WARN 19884 --- [core_service] [restartedMain] JpaBaseConfiguration$JpaWebConfiguration : spring.jpa.open-in-view is enabled by default. Therefore, database queries may be performed during view rendering. Explicitly configure spring.jpa.open-in-view to disable this warning
2026-03-19T00:01:55.765+05:30  INFO 19884 --- [core_service] [restartedMain] o.s.boot.tomcat.TomcatWebServer          : Tomcat started on port 9092 (http) with context path '/'
2026-03-19T00:01:55.770+05:30  INFO 19884 --- [core_service] [restartedMain] c.n.core_service.CoreServiceApplication  : Started CoreServiceApplication in 1.338 seconds (process running for 316.131)
2026-03-19T00:01:55.772+05:30  INFO 19884 --- [core_service] [restartedMain] .ConditionEvaluationDeltaLoggingListener : Condition evaluation unchanged
2026-03-19T00:01:57.174+05:30  INFO 19884 --- [core_service] [File Watcher] rtingClassPathChangeChangedEventListener : Restarting due to 1 class path change (1 addition, 0 deletions, 0 modifications)
2026-03-19T00:01:57.176+05:30  INFO 19884 --- [core_service] [Thread-5] o.s.boot.tomcat.GracefulShutdown         : Commencing graceful shutdown. Waiting for active requests to complete
2026-03-19T00:01:57.445+05:30  INFO 19884 --- [core_service] [tomcat-shutdown] o.s.boot.tomcat.GracefulShutdown         : Graceful shutdown complete
2026-03-19T00:01:57.447+05:30  INFO 19884 --- [core_service] [Thread-5] j.LocalContainerEntityManagerFactoryBean : Closing JPA EntityManagerFactory for persistence unit 'default'
2026-03-19T00:01:57.448+05:30  INFO 19884 --- [core_service] [Thread-5] com.zaxxer.hikari.HikariDataSource       : HikariPool-2 - Shutdown initiated...
2026-03-19T00:01:57.451+05:30  INFO 19884 --- [core_service] [Thread-5] com.zaxxer.hikari.HikariDataSource       : HikariPool-2 - Shutdown completed.
2026-03-19T00:01:57.559+05:30  INFO 19884 --- [core_service] [restartedMain] c.n.core_service.CoreServiceApplication  : Starting CoreServiceApplication using Java 17.0.12 with PID 19884 (D:\Naved_project_conf\core_service\build\classes\java\main started by Lenovo in D:\Naved_project_conf\core_service)
2026-03-19T00:01:57.559+05:30  INFO 19884 --- [core_service] [restartedMain] c.n.core_service.CoreServiceApplication  : No active profile set, falling back to 1 default profile: "default"
2026-03-19T00:01:57.748+05:30  INFO 19884 --- [core_service] [restartedMain] .s.d.r.c.RepositoryConfigurationDelegate : Bootstrapping Spring Data JPA repositories in DEFAULT mode.
2026-03-19T00:01:57.792+05:30  INFO 19884 --- [core_service] [restartedMain] .s.d.r.c.RepositoryConfigurationDelegate : Finished Spring Data repository scanning in 43 ms. Found 7 JPA repository interfaces.
2026-03-19T00:01:57.882+05:30  INFO 19884 --- [core_service] [restartedMain] o.s.boot.tomcat.TomcatWebServer          : Tomcat initialized with port 9092 (http)
2026-03-19T00:01:57.883+05:30  INFO 19884 --- [core_service] [restartedMain] o.apache.catalina.core.StandardService   : Starting service [Tomcat]
2026-03-19T00:01:57.884+05:30  INFO 19884 --- [core_service] [restartedMain] o.apache.catalina.core.StandardEngine    : Starting Servlet engine: [Apache Tomcat/11.0.18]
2026-03-19T00:01:57.911+05:30  INFO 19884 --- [core_service] [restartedMain] b.w.c.s.WebApplicationContextInitializer : Root WebApplicationContext: initialization completed in 348 ms
2026-03-19T00:01:57.951+05:30  INFO 19884 --- [core_service] [restartedMain] com.zaxxer.hikari.HikariDataSource       : HikariPool-3 - Starting...
2026-03-19T00:01:58.023+05:30  INFO 19884 --- [core_service] [restartedMain] com.zaxxer.hikari.pool.HikariPool        : HikariPool-3 - Added connection org.postgresql.jdbc.PgConnection@585b6221
2026-03-19T00:01:58.024+05:30  INFO 19884 --- [core_service] [restartedMain] com.zaxxer.hikari.HikariDataSource       : HikariPool-3 - Start completed.
2026-03-19T00:01:58.025+05:30  INFO 19884 --- [core_service] [restartedMain] org.hibernate.orm.jpa                    : HHH008540: Processing PersistenceUnitInfo [name: default]
2026-03-19T00:01:58.065+05:30  INFO 19884 --- [core_service] [restartedMain] o.s.o.j.p.SpringPersistenceUnitInfo      : No LoadTimeWeaver setup: ignoring JPA class transformer
2026-03-19T00:01:58.085+05:30  INFO 19884 --- [core_service] [restartedMain] org.hibernate.orm.connections.pooling    : HHH10001005: Database info:
	Database JDBC URL [jdbc:postgresql://localhost:5432/core_postgres]
	Database driver: PostgreSQL JDBC Driver
	Database dialect: PostgreSQLDialect
	Database version: 15.17
	Default catalog/schema: core_postgres/public
	Autocommit mode: undefined/unknown
	Isolation level: READ_COMMITTED [default READ_COMMITTED]
	JDBC fetch size: none
	Pool: DataSourceConnectionProvider
	Minimum pool size: undefined/unknown
	Maximum pool size: undefined/unknown
2026-03-19T00:01:58.247+05:30  INFO 19884 --- [core_service] [restartedMain] org.hibernate.orm.core                   : HHH000489: No JTA platform available (set 'hibernate.transaction.jta.platform' to enable JTA platform integration)
2026-03-19T00:01:58.248+05:30  INFO 19884 --- [core_service] [restartedMain] j.LocalContainerEntityManagerFactoryBean : Initialized JPA EntityManagerFactory for persistence unit 'default'
2026-03-19T00:01:58.367+05:30  WARN 19884 --- [core_service] [restartedMain] JpaBaseConfiguration$JpaWebConfiguration : spring.jpa.open-in-view is enabled by default. Therefore, database queries may be performed during view rendering. Explicitly configure spring.jpa.open-in-view to disable this warning
2026-03-19T00:01:58.451+05:30  INFO 19884 --- [core_service] [restartedMain] o.s.boot.tomcat.TomcatWebServer          : Tomcat started on port 9092 (http) with context path '/'
2026-03-19T00:01:58.459+05:30  INFO 19884 --- [core_service] [restartedMain] c.n.core_service.CoreServiceApplication  : Started CoreServiceApplication in 0.935 seconds (process running for 318.819)
2026-03-19T00:01:58.460+05:30  INFO 19884 --- [core_service] [restartedMain] .ConditionEvaluationDeltaLoggingListener : Condition evaluation unchanged
2026-03-19T00:06:21.839+05:30  INFO 19884 --- [core_service] [File Watcher] rtingClassPathChangeChangedEventListener : Restarting due to 25 class path changes (0 additions, 25 deletions, 0 modifications)
2026-03-19T00:06:21.855+05:30  INFO 19884 --- [core_service] [Thread-9] o.s.boot.tomcat.GracefulShutdown         : Commencing graceful shutdown. Waiting for active requests to complete
2026-03-19T00:06:22.172+05:30  INFO 19884 --- [core_service] [tomcat-shutdown] o.s.boot.tomcat.GracefulShutdown         : Graceful shutdown complete
2026-03-19T00:06:22.176+05:30  INFO 19884 --- [core_service] [Thread-9] j.LocalContainerEntityManagerFactoryBean : Closing JPA EntityManagerFactory for persistence unit 'default'
2026-03-19T00:06:22.178+05:30  INFO 19884 --- [core_service] [Thread-9] com.zaxxer.hikari.HikariDataSource       : HikariPool-3 - Shutdown initiated...
2026-03-19T00:06:22.184+05:30  INFO 19884 --- [core_service] [Thread-9] com.zaxxer.hikari.HikariDataSource       : HikariPool-3 - Shutdown completed.
2026-03-19T00:06:22.327+05:30  INFO 19884 --- [core_service] [restartedMain] c.n.core_service.CoreServiceApplication  : Starting CoreServiceApplication using Java 17.0.12 with PID 19884 (D:\Naved_project_conf\core_service\build\classes\java\main started by Lenovo in D:\Naved_project_conf\core_service)
2026-03-19T00:06:22.328+05:30  INFO 19884 --- [core_service] [restartedMain] c.n.core_service.CoreServiceApplication  : No active profile set, falling back to 1 default profile: "default"
2026-03-19T00:06:22.544+05:30  INFO 19884 --- [core_service] [restartedMain] .s.d.r.c.RepositoryConfigurationDelegate : Bootstrapping Spring Data JPA repositories in DEFAULT mode.
2026-03-19T00:06:22.547+05:30  INFO 19884 --- [core_service] [restartedMain] .s.d.r.c.RepositoryConfigurationDelegate : Finished Spring Data repository scanning in 0 ms. Found 0 JPA repository interfaces.
2026-03-19T00:06:22.669+05:30  INFO 19884 --- [core_service] [restartedMain] o.s.boot.tomcat.TomcatWebServer          : Tomcat initialized with port 9092 (http)
2026-03-19T00:06:22.671+05:30  INFO 19884 --- [core_service] [restartedMain] o.apache.catalina.core.StandardService   : Starting service [Tomcat]
2026-03-19T00:06:22.672+05:30  INFO 19884 --- [core_service] [restartedMain] o.apache.catalina.core.StandardEngine    : Starting Servlet engine: [Apache Tomcat/11.0.18]
2026-03-19T00:06:22.703+05:30  INFO 19884 --- [core_service] [restartedMain] b.w.c.s.WebApplicationContextInitializer : Root WebApplicationContext: initialization completed in 373 ms
2026-03-19T00:06:22.749+05:30  INFO 19884 --- [core_service] [restartedMain] com.zaxxer.hikari.HikariDataSource       : HikariPool-4 - Starting...
2026-03-19T00:06:22.863+05:30  INFO 19884 --- [core_service] [restartedMain] com.zaxxer.hikari.pool.HikariPool        : HikariPool-4 - Added connection org.postgresql.jdbc.PgConnection@4ca6cecf
2026-03-19T00:06:22.864+05:30  INFO 19884 --- [core_service] [restartedMain] com.zaxxer.hikari.HikariDataSource       : HikariPool-4 - Start completed.
2026-03-19T00:06:22.865+05:30  INFO 19884 --- [core_service] [restartedMain] org.hibernate.orm.jpa                    : HHH008540: Processing PersistenceUnitInfo [name: default]
2026-03-19T00:06:22.915+05:30  INFO 19884 --- [core_service] [restartedMain] o.s.o.j.p.SpringPersistenceUnitInfo      : No LoadTimeWeaver setup: ignoring JPA class transformer
2026-03-19T00:06:22.944+05:30  INFO 19884 --- [core_service] [restartedMain] org.hibernate.orm.connections.pooling    : HHH10001005: Database info:
	Database JDBC URL [jdbc:postgresql://localhost:5432/core_postgres]
	Database driver: PostgreSQL JDBC Driver
	Database dialect: PostgreSQLDialect
	Database version: 15.17
	Default catalog/schema: core_postgres/public
	Autocommit mode: undefined/unknown
	Isolation level: READ_COMMITTED [default READ_COMMITTED]
	JDBC fetch size: none
	Pool: DataSourceConnectionProvider
	Minimum pool size: undefined/unknown
	Maximum pool size: undefined/unknown
2026-03-19T00:06:22.972+05:30  INFO 19884 --- [core_service] [restartedMain] org.hibernate.orm.core                   : HHH000489: No JTA platform available (set 'hibernate.transaction.jta.platform' to enable JTA platform integration)
2026-03-19T00:06:22.974+05:30  INFO 19884 --- [core_service] [restartedMain] j.LocalContainerEntityManagerFactoryBean : Initialized JPA EntityManagerFactory for persistence unit 'default'
2026-03-19T00:06:23.037+05:30  WARN 19884 --- [core_service] [restartedMain] JpaBaseConfiguration$JpaWebConfiguration : spring.jpa.open-in-view is enabled by default. Therefore, database queries may be performed during view rendering. Explicitly configure spring.jpa.open-in-view to disable this warning
2026-03-19T00:06:23.190+05:30  INFO 19884 --- [core_service] [restartedMain] o.s.boot.tomcat.TomcatWebServer          : Tomcat started on port 9092 (http) with context path '/'
2026-03-19T00:06:23.194+05:30  INFO 19884 --- [core_service] [restartedMain] c.n.core_service.CoreServiceApplication  : Started CoreServiceApplication in 0.904 seconds (process running for 583.555)
2026-03-19T00:06:23.196+05:30  INFO 19884 --- [core_service] [restartedMain] .ConditionEvaluationDeltaLoggingListener : Condition evaluation unchanged
2026-03-19T00:06:27.437+05:30  INFO 19884 --- [core_service] [File Watcher] rtingClassPathChangeChangedEventListener : Restarting due to 25 class path changes (25 additions, 0 deletions, 0 modifications)
2026-03-19T00:06:27.439+05:30  INFO 19884 --- [core_service] [Thread-13] o.s.boot.tomcat.GracefulShutdown         : Commencing graceful shutdown. Waiting for active requests to complete
2026-03-19T00:06:27.779+05:30  INFO 19884 --- [core_service] [tomcat-shutdown] o.s.boot.tomcat.GracefulShutdown         : Graceful shutdown complete
2026-03-19T00:06:27.781+05:30  INFO 19884 --- [core_service] [Thread-13] j.LocalContainerEntityManagerFactoryBean : Closing JPA EntityManagerFactory for persistence unit 'default'
2026-03-19T00:06:27.782+05:30  INFO 19884 --- [core_service] [Thread-13] com.zaxxer.hikari.HikariDataSource       : HikariPool-4 - Shutdown initiated...
2026-03-19T00:06:27.789+05:30  INFO 19884 --- [core_service] [Thread-13] com.zaxxer.hikari.HikariDataSource       : HikariPool-4 - Shutdown completed.
2026-03-19T00:06:27.890+05:30  INFO 19884 --- [core_service] [restartedMain] c.n.core_service.CoreServiceApplication  : Starting CoreServiceApplication using Java 17.0.12 with PID 19884 (D:\Naved_project_conf\core_service\build\classes\java\main started by Lenovo in D:\Naved_project_conf\core_service)
2026-03-19T00:06:27.890+05:30  INFO 19884 --- [core_service] [restartedMain] c.n.core_service.CoreServiceApplication  : No active profile set, falling back to 1 default profile: "default"
2026-03-19T00:06:28.214+05:30  INFO 19884 --- [core_service] [restartedMain] .s.d.r.c.RepositoryConfigurationDelegate : Bootstrapping Spring Data JPA repositories in DEFAULT mode.
2026-03-19T00:06:28.269+05:30  INFO 19884 --- [core_service] [restartedMain] .s.d.r.c.RepositoryConfigurationDelegate : Finished Spring Data repository scanning in 50 ms. Found 7 JPA repository interfaces.
2026-03-19T00:06:28.389+05:30  INFO 19884 --- [core_service] [restartedMain] o.s.boot.tomcat.TomcatWebServer          : Tomcat initialized with port 9092 (http)
2026-03-19T00:06:28.389+05:30  INFO 19884 --- [core_service] [restartedMain] o.apache.catalina.core.StandardService   : Starting service [Tomcat]
2026-03-19T00:06:28.390+05:30  INFO 19884 --- [core_service] [restartedMain] o.apache.catalina.core.StandardEngine    : Starting Servlet engine: [Apache Tomcat/11.0.18]
2026-03-19T00:06:28.420+05:30  INFO 19884 --- [core_service] [restartedMain] b.w.c.s.WebApplicationContextInitializer : Root WebApplicationContext: initialization completed in 527 ms
2026-03-19T00:06:28.474+05:30  INFO 19884 --- [core_service] [restartedMain] com.zaxxer.hikari.HikariDataSource       : HikariPool-5 - Starting...
2026-03-19T00:06:28.552+05:30  INFO 19884 --- [core_service] [restartedMain] com.zaxxer.hikari.pool.HikariPool        : HikariPool-5 - Added connection org.postgresql.jdbc.PgConnection@e9af313
2026-03-19T00:06:28.553+05:30  INFO 19884 --- [core_service] [restartedMain] com.zaxxer.hikari.HikariDataSource       : HikariPool-5 - Start completed.
2026-03-19T00:06:28.554+05:30  INFO 19884 --- [core_service] [restartedMain] org.hibernate.orm.jpa                    : HHH008540: Processing PersistenceUnitInfo [name: default]
2026-03-19T00:06:28.589+05:30  INFO 19884 --- [core_service] [restartedMain] o.s.o.j.p.SpringPersistenceUnitInfo      : No LoadTimeWeaver setup: ignoring JPA class transformer
2026-03-19T00:06:28.608+05:30  INFO 19884 --- [core_service] [restartedMain] org.hibernate.orm.connections.pooling    : HHH10001005: Database info:
	Database JDBC URL [jdbc:postgresql://localhost:5432/core_postgres]
	Database driver: PostgreSQL JDBC Driver
	Database dialect: PostgreSQLDialect
	Database version: 15.17
	Default catalog/schema: core_postgres/public
	Autocommit mode: undefined/unknown
	Isolation level: READ_COMMITTED [default READ_COMMITTED]
	JDBC fetch size: none
	Pool: DataSourceConnectionProvider
	Minimum pool size: undefined/unknown
	Maximum pool size: undefined/unknown
2026-03-19T00:06:28.800+05:30  INFO 19884 --- [core_service] [restartedMain] org.hibernate.orm.core                   : HHH000489: No JTA platform available (set 'hibernate.transaction.jta.platform' to enable JTA platform integration)
2026-03-19T00:06:28.801+05:30  INFO 19884 --- [core_service] [restartedMain] j.LocalContainerEntityManagerFactoryBean : Initialized JPA EntityManagerFactory for persistence unit 'default'
2026-03-19T00:06:28.935+05:30  WARN 19884 --- [core_service] [restartedMain] JpaBaseConfiguration$JpaWebConfiguration : spring.jpa.open-in-view is enabled by default. Therefore, database queries may be performed during view rendering. Explicitly configure spring.jpa.open-in-view to disable this warning
2026-03-19T00:06:29.044+05:30  INFO 19884 --- [core_service] [restartedMain] o.s.boot.tomcat.TomcatWebServer          : Tomcat started on port 9092 (http) with context path '/'
2026-03-19T00:06:29.048+05:30  INFO 19884 --- [core_service] [restartedMain] c.n.core_service.CoreServiceApplication  : Started CoreServiceApplication in 1.198 seconds (process running for 589.408)
2026-03-19T00:06:29.050+05:30  INFO 19884 --- [core_service] [restartedMain] .ConditionEvaluationDeltaLoggingListener : Condition evaluation unchanged
2026-03-19T00:06:52.951+05:30  INFO 19884 --- [core_service] [File Watcher] rtingClassPathChangeChangedEventListener : Restarting due to 1 class path change (0 additions, 1 deletion, 0 modifications)
2026-03-19T00:06:52.953+05:30  INFO 19884 --- [core_service] [Thread-17] o.s.boot.tomcat.GracefulShutdown         : Commencing graceful shutdown. Waiting for active requests to complete
2026-03-19T00:06:53.235+05:30  INFO 19884 --- [core_service] [tomcat-shutdown] o.s.boot.tomcat.GracefulShutdown         : Graceful shutdown complete
2026-03-19T00:06:53.237+05:30  INFO 19884 --- [core_service] [Thread-17] j.LocalContainerEntityManagerFactoryBean : Closing JPA EntityManagerFactory for persistence unit 'default'
2026-03-19T00:06:53.238+05:30  INFO 19884 --- [core_service] [Thread-17] com.zaxxer.hikari.HikariDataSource       : HikariPool-5 - Shutdown initiated...
2026-03-19T00:06:53.241+05:30  INFO 19884 --- [core_service] [Thread-17] com.zaxxer.hikari.HikariDataSource       : HikariPool-5 - Shutdown completed.
2026-03-19T00:06:53.337+05:30  INFO 19884 --- [core_service] [restartedMain] c.n.core_service.CoreServiceApplication  : Starting CoreServiceApplication using Java 17.0.12 with PID 19884 (D:\Naved_project_conf\core_service\build\classes\java\main started by Lenovo in D:\Naved_project_conf\core_service)
2026-03-19T00:06:53.337+05:30  INFO 19884 --- [core_service] [restartedMain] c.n.core_service.CoreServiceApplication  : No active profile set, falling back to 1 default profile: "default"
2026-03-19T00:06:53.544+05:30  INFO 19884 --- [core_service] [restartedMain] .s.d.r.c.RepositoryConfigurationDelegate : Bootstrapping Spring Data JPA repositories in DEFAULT mode.
2026-03-19T00:06:53.587+05:30  INFO 19884 --- [core_service] [restartedMain] .s.d.r.c.RepositoryConfigurationDelegate : Finished Spring Data repository scanning in 40 ms. Found 7 JPA repository interfaces.
2026-03-19T00:06:53.700+05:30  INFO 19884 --- [core_service] [restartedMain] o.s.boot.tomcat.TomcatWebServer          : Tomcat initialized with port 9092 (http)
2026-03-19T00:06:53.701+05:30  INFO 19884 --- [core_service] [restartedMain] o.apache.catalina.core.StandardService   : Starting service [Tomcat]
2026-03-19T00:06:53.701+05:30  INFO 19884 --- [core_service] [restartedMain] o.apache.catalina.core.StandardEngine    : Starting Servlet engine: [Apache Tomcat/11.0.18]
2026-03-19T00:06:53.744+05:30  INFO 19884 --- [core_service] [restartedMain] b.w.c.s.WebApplicationContextInitializer : Root WebApplicationContext: initialization completed in 405 ms
2026-03-19T00:06:53.807+05:30  INFO 19884 --- [core_service] [restartedMain] com.zaxxer.hikari.HikariDataSource       : HikariPool-6 - Starting...
2026-03-19T00:06:53.894+05:30  INFO 19884 --- [core_service] [restartedMain] com.zaxxer.hikari.pool.HikariPool        : HikariPool-6 - Added connection org.postgresql.jdbc.PgConnection@24439a21
2026-03-19T00:06:53.894+05:30  INFO 19884 --- [core_service] [restartedMain] com.zaxxer.hikari.HikariDataSource       : HikariPool-6 - Start completed.
2026-03-19T00:06:53.895+05:30  INFO 19884 --- [core_service] [restartedMain] org.hibernate.orm.jpa                    : HHH008540: Processing PersistenceUnitInfo [name: default]
2026-03-19T00:06:53.942+05:30  INFO 19884 --- [core_service] [restartedMain] o.s.o.j.p.SpringPersistenceUnitInfo      : No LoadTimeWeaver setup: ignoring JPA class transformer
2026-03-19T00:06:53.965+05:30  INFO 19884 --- [core_service] [restartedMain] org.hibernate.orm.connections.pooling    : HHH10001005: Database info:
	Database JDBC URL [jdbc:postgresql://localhost:5432/core_postgres]
	Database driver: PostgreSQL JDBC Driver
	Database dialect: PostgreSQLDialect
	Database version: 15.17
	Default catalog/schema: core_postgres/public
	Autocommit mode: undefined/unknown
	Isolation level: READ_COMMITTED [default READ_COMMITTED]
	JDBC fetch size: none
	Pool: DataSourceConnectionProvider
	Minimum pool size: undefined/unknown
	Maximum pool size: undefined/unknown
2026-03-19T00:06:54.140+05:30  INFO 19884 --- [core_service] [restartedMain] org.hibernate.orm.core                   : HHH000489: No JTA platform available (set 'hibernate.transaction.jta.platform' to enable JTA platform integration)
2026-03-19T00:06:54.141+05:30  INFO 19884 --- [core_service] [restartedMain] j.LocalContainerEntityManagerFactoryBean : Initialized JPA EntityManagerFactory for persistence unit 'default'
2026-03-19T00:06:54.323+05:30  WARN 19884 --- [core_service] [restartedMain] JpaBaseConfiguration$JpaWebConfiguration : spring.jpa.open-in-view is enabled by default. Therefore, database queries may be performed during view rendering. Explicitly configure spring.jpa.open-in-view to disable this warning
2026-03-19T00:06:54.457+05:30  INFO 19884 --- [core_service] [restartedMain] o.s.boot.tomcat.TomcatWebServer          : Tomcat started on port 9092 (http) with context path '/'
2026-03-19T00:06:54.459+05:30  INFO 19884 --- [core_service] [restartedMain] c.n.core_service.CoreServiceApplication  : Started CoreServiceApplication in 1.153 seconds (process running for 614.82)
2026-03-19T00:06:54.460+05:30  INFO 19884 --- [core_service] [restartedMain] .ConditionEvaluationDeltaLoggingListener : Condition evaluation unchanged
2026-03-19T00:06:56.886+05:30  INFO 19884 --- [core_service] [File Watcher] rtingClassPathChangeChangedEventListener : Restarting due to 1 class path change (1 addition, 0 deletions, 0 modifications)
2026-03-19T00:06:56.887+05:30  INFO 19884 --- [core_service] [Thread-21] o.s.boot.tomcat.GracefulShutdown         : Commencing graceful shutdown. Waiting for active requests to complete
2026-03-19T00:06:57.148+05:30  INFO 19884 --- [core_service] [tomcat-shutdown] o.s.boot.tomcat.GracefulShutdown         : Graceful shutdown complete
2026-03-19T00:06:57.150+05:30  INFO 19884 --- [core_service] [Thread-21] j.LocalContainerEntityManagerFactoryBean : Closing JPA EntityManagerFactory for persistence unit 'default'
2026-03-19T00:06:57.152+05:30  INFO 19884 --- [core_service] [Thread-21] com.zaxxer.hikari.HikariDataSource       : HikariPool-6 - Shutdown initiated...
2026-03-19T00:06:57.154+05:30  INFO 19884 --- [core_service] [Thread-21] com.zaxxer.hikari.HikariDataSource       : HikariPool-6 - Shutdown completed.
2026-03-19T00:06:57.254+05:30  INFO 19884 --- [core_service] [restartedMain] c.n.core_service.CoreServiceApplication  : Starting CoreServiceApplication using Java 17.0.12 with PID 19884 (D:\Naved_project_conf\core_service\build\classes\java\main started by Lenovo in D:\Naved_project_conf\core_service)
2026-03-19T00:06:57.254+05:30  INFO 19884 --- [core_service] [restartedMain] c.n.core_service.CoreServiceApplication  : No active profile set, falling back to 1 default profile: "default"
2026-03-19T00:06:57.556+05:30  INFO 19884 --- [core_service] [restartedMain] .s.d.r.c.RepositoryConfigurationDelegate : Bootstrapping Spring Data JPA repositories in DEFAULT mode.
2026-03-19T00:06:57.623+05:30  INFO 19884 --- [core_service] [restartedMain] .s.d.r.c.RepositoryConfigurationDelegate : Finished Spring Data repository scanning in 61 ms. Found 7 JPA repository interfaces.
2026-03-19T00:06:57.858+05:30  INFO 19884 --- [core_service] [restartedMain] o.s.boot.tomcat.TomcatWebServer          : Tomcat initialized with port 9092 (http)
2026-03-19T00:06:57.860+05:30  INFO 19884 --- [core_service] [restartedMain] o.apache.catalina.core.StandardService   : Starting service [Tomcat]
2026-03-19T00:06:57.860+05:30  INFO 19884 --- [core_service] [restartedMain] o.apache.catalina.core.StandardEngine    : Starting Servlet engine: [Apache Tomcat/11.0.18]
2026-03-19T00:06:57.908+05:30  INFO 19884 --- [core_service] [restartedMain] b.w.c.s.WebApplicationContextInitializer : Root WebApplicationContext: initialization completed in 652 ms
2026-03-19T00:06:57.988+05:30  INFO 19884 --- [core_service] [restartedMain] com.zaxxer.hikari.HikariDataSource       : HikariPool-7 - Starting...
2026-03-19T00:06:58.082+05:30  INFO 19884 --- [core_service] [restartedMain] com.zaxxer.hikari.pool.HikariPool        : HikariPool-7 - Added connection org.postgresql.jdbc.PgConnection@e1f0202
2026-03-19T00:06:58.083+05:30  INFO 19884 --- [core_service] [restartedMain] com.zaxxer.hikari.HikariDataSource       : HikariPool-7 - Start completed.
2026-03-19T00:06:58.085+05:30  INFO 19884 --- [core_service] [restartedMain] org.hibernate.orm.jpa                    : HHH008540: Processing PersistenceUnitInfo [name: default]
2026-03-19T00:06:58.156+05:30  INFO 19884 --- [core_service] [restartedMain] o.s.o.j.p.SpringPersistenceUnitInfo      : No LoadTimeWeaver setup: ignoring JPA class transformer
2026-03-19T00:06:58.178+05:30  INFO 19884 --- [core_service] [restartedMain] org.hibernate.orm.connections.pooling    : HHH10001005: Database info:
	Database JDBC URL [jdbc:postgresql://localhost:5432/core_postgres]
	Database driver: PostgreSQL JDBC Driver
	Database dialect: PostgreSQLDialect
	Database version: 15.17
	Default catalog/schema: core_postgres/public
	Autocommit mode: undefined/unknown
	Isolation level: READ_COMMITTED [default READ_COMMITTED]
	JDBC fetch size: none
	Pool: DataSourceConnectionProvider
	Minimum pool size: undefined/unknown
	Maximum pool size: undefined/unknown
2026-03-19T00:06:58.355+05:30  INFO 19884 --- [core_service] [restartedMain] org.hibernate.orm.core                   : HHH000489: No JTA platform available (set 'hibernate.transaction.jta.platform' to enable JTA platform integration)
2026-03-19T00:06:58.357+05:30  INFO 19884 --- [core_service] [restartedMain] j.LocalContainerEntityManagerFactoryBean : Initialized JPA EntityManagerFactory for persistence unit 'default'
2026-03-19T00:06:58.533+05:30  WARN 19884 --- [core_service] [restartedMain] JpaBaseConfiguration$JpaWebConfiguration : spring.jpa.open-in-view is enabled by default. Therefore, database queries may be performed during view rendering. Explicitly configure spring.jpa.open-in-view to disable this warning
2026-03-19T00:06:58.689+05:30  INFO 19884 --- [core_service] [restartedMain] o.s.boot.tomcat.TomcatWebServer          : Tomcat started on port 9092 (http) with context path '/'
2026-03-19T00:06:58.694+05:30  INFO 19884 --- [core_service] [restartedMain] c.n.core_service.CoreServiceApplication  : Started CoreServiceApplication in 1.472 seconds (process running for 619.054)
2026-03-19T00:06:58.695+05:30  INFO 19884 --- [core_service] [restartedMain] .ConditionEvaluationDeltaLoggingListener : Condition evaluation unchanged
2026-03-19T00:11:52.916+05:30  INFO 19884 --- [core_service] [SpringApplicationShutdownHook] o.s.boot.tomcat.GracefulShutdown         : Commencing graceful shutdown. Waiting for active requests to complete
2026-03-19T00:11:53.228+05:30  INFO 19884 --- [core_service] [tomcat-shutdown] o.s.boot.tomcat.GracefulShutdown         : Graceful shutdown complete
2026-03-19T00:11:53.237+05:30  INFO 19884 --- [core_service] [SpringApplicationShutdownHook] j.LocalContainerEntityManagerFactoryBean : Closing JPA EntityManagerFactory for persistence unit 'default'
2026-03-19T00:11:53.246+05:30  INFO 19884 --- [core_service] [SpringApplicationShutdownHook] com.zaxxer.hikari.HikariDataSource       : HikariPool-7 - Shutdown initiated...
2026-03-19T00:11:53.253+05:30  INFO 19884 --- [core_service] [SpringApplicationShutdownHook] com.zaxxer.hikari.HikariDataSource       : HikariPool-7 - Shutdown completed.
2026-03-19T00:12:20.688+05:30  INFO 20516 --- [core_service] [restartedMain] c.n.core_service.CoreServiceApplication  : Starting CoreServiceApplication using Java 17.0.12 with PID 20516 (D:\Naved_project_conf\core_service\build\classes\java\main started by Lenovo in D:\Naved_project_conf\core_service)
2026-03-19T00:12:20.696+05:30  INFO 20516 --- [core_service] [restartedMain] c.n.core_service.CoreServiceApplication  : No active profile set, falling back to 1 default profile: "default"
2026-03-19T00:12:20.804+05:30  INFO 20516 --- [core_service] [restartedMain] .e.DevToolsPropertyDefaultsPostProcessor : Devtools property defaults active! Set 'spring.devtools.add-properties' to 'false' to disable
2026-03-19T00:12:20.805+05:30  INFO 20516 --- [core_service] [restartedMain] .e.DevToolsPropertyDefaultsPostProcessor : For additional web related logging consider setting the 'logging.level.web' property to 'DEBUG'
2026-03-19T00:12:22.465+05:30  WARN 20516 --- [core_service] [restartedMain] ConfigServletWebServerApplicationContext : Exception encountered during context initialization - cancelling refresh attempt: java.lang.IllegalStateException: Failed to generate bean name for imported class 'de.codecentric.boot.admin.client.config.SpringBootAdminClientAutoConfiguration$ServletConfiguration'
2026-03-19T00:12:22.474+05:30  INFO 20516 --- [core_service] [restartedMain] .s.b.a.l.ConditionEvaluationReportLogger : 

Error starting ApplicationContext. To display the condition evaluation report re-run your application with 'debug' enabled.
2026-03-19T00:12:22.505+05:30 ERROR 20516 --- [core_service] [restartedMain] o.s.boot.SpringApplication               : Application run failed

java.lang.IllegalStateException: Failed to generate bean name for imported class 'de.codecentric.boot.admin.client.config.SpringBootAdminClientAutoConfiguration$ServletConfiguration'
	at org.springframework.context.annotation.ConfigurationClassBeanDefinitionReader.registerBeanDefinitionForImportedConfigurationClass(ConfigurationClassBeanDefinitionReader.java:172) ~[spring-context-7.0.5.jar:7.0.5]
	at org.springframework.context.annotation.ConfigurationClassBeanDefinitionReader.loadBeanDefinitionsForConfigurationClass(ConfigurationClassBeanDefinitionReader.java:145) ~[spring-context-7.0.5.jar:7.0.5]
	at org.springframework.context.annotation.ConfigurationClassBeanDefinitionReader.loadBeanDefinitions(ConfigurationClassBeanDefinitionReader.java:124) ~[spring-context-7.0.5.jar:7.0.5]
	at org.springframework.context.annotation.ConfigurationClassPostProcessor.processConfigBeanDefinitions(ConfigurationClassPostProcessor.java:458) ~[spring-context-7.0.5.jar:7.0.5]
	at org.springframework.context.annotation.ConfigurationClassPostProcessor.postProcessBeanDefinitionRegistry(ConfigurationClassPostProcessor.java:310) ~[spring-context-7.0.5.jar:7.0.5]
	at org.springframework.context.support.PostProcessorRegistrationDelegate.invokeBeanDefinitionRegistryPostProcessors(PostProcessorRegistrationDelegate.java:349) ~[spring-context-7.0.5.jar:7.0.5]
	at org.springframework.context.support.PostProcessorRegistrationDelegate.invokeBeanFactoryPostProcessors(PostProcessorRegistrationDelegate.java:118) ~[spring-context-7.0.5.jar:7.0.5]
	at org.springframework.context.support.AbstractApplicationContext.invokeBeanFactoryPostProcessors(AbstractApplicationContext.java:795) ~[spring-context-7.0.5.jar:7.0.5]
	at org.springframework.context.support.AbstractApplicationContext.refresh(AbstractApplicationContext.java:603) ~[spring-context-7.0.5.jar:7.0.5]
	at org.springframework.boot.web.server.servlet.context.ServletWebServerApplicationContext.refresh(ServletWebServerApplicationContext.java:143) ~[spring-boot-web-server-4.0.3.jar:4.0.3]
	at org.springframework.boot.SpringApplication.refresh(SpringApplication.java:756) ~[spring-boot-4.0.3.jar:4.0.3]
	at org.springframework.boot.SpringApplication.refreshContext(SpringApplication.java:445) ~[spring-boot-4.0.3.jar:4.0.3]
	at org.springframework.boot.SpringApplication.run(SpringApplication.java:321) ~[spring-boot-4.0.3.jar:4.0.3]
	at org.springframework.boot.SpringApplication.run(SpringApplication.java:1365) ~[spring-boot-4.0.3.jar:4.0.3]
	at org.springframework.boot.SpringApplication.run(SpringApplication.java:1354) ~[spring-boot-4.0.3.jar:4.0.3]
	at com.naved.core_service.CoreServiceApplication.main(CoreServiceApplication.java:12) ~[main/:na]
	at java.base/jdk.internal.reflect.NativeMethodAccessorImpl.invoke0(Native Method) ~[na:na]
	at java.base/jdk.internal.reflect.NativeMethodAccessorImpl.invoke(NativeMethodAccessorImpl.java:77) ~[na:na]
	at java.base/jdk.internal.reflect.DelegatingMethodAccessorImpl.invoke(DelegatingMethodAccessorImpl.java:43) ~[na:na]
	at java.base/java.lang.reflect.Method.invoke(Method.java:568) ~[na:na]
	at org.springframework.boot.devtools.restart.RestartLauncher.run(RestartLauncher.java:52) ~[spring-boot-devtools-4.0.2.jar:4.0.2]
Caused by: java.lang.IllegalArgumentException: Could not find class [org.springframework.boot.autoconfigure.web.servlet.DispatcherServletAutoConfiguration]
	at org.springframework.util.ClassUtils.resolveClassName(ClassUtils.java:353) ~[spring-core-7.0.5.jar:7.0.5]
	at org.springframework.core.annotation.TypeMappedAnnotation.adapt(TypeMappedAnnotation.java:451) ~[spring-core-7.0.5.jar:7.0.5]
	at org.springframework.core.annotation.TypeMappedAnnotation.getValue(TypeMappedAnnotation.java:384) ~[spring-core-7.0.5.jar:7.0.5]
	at org.springframework.core.annotation.TypeMappedAnnotation.asMap(TypeMappedAnnotation.java:273) ~[spring-core-7.0.5.jar:7.0.5]
	at org.springframework.core.annotation.AbstractMergedAnnotation.asAnnotationAttributes(AbstractMergedAnnotation.java:191) ~[spring-core-7.0.5.jar:7.0.5]
	at org.springframework.context.annotation.AnnotationBeanNameGenerator.determineBeanNameFromAnnotation(AnnotationBeanNameGenerator.java:143) ~[spring-context-7.0.5.jar:7.0.5]
	at org.springframework.context.annotation.AnnotationBeanNameGenerator.generateBeanName(AnnotationBeanNameGenerator.java:110) ~[spring-context-7.0.5.jar:7.0.5]
	at org.springframework.context.annotation.ConfigurationClassBeanDefinitionReader.registerBeanDefinitionForImportedConfigurationClass(ConfigurationClassBeanDefinitionReader.java:168) ~[spring-context-7.0.5.jar:7.0.5]
	... 20 common frames omitted
Caused by: java.lang.ClassNotFoundException: org.springframework.boot.autoconfigure.web.servlet.DispatcherServletAutoConfiguration
	at java.base/jdk.internal.loader.BuiltinClassLoader.loadClass(BuiltinClassLoader.java:641) ~[na:na]
	at java.base/jdk.internal.loader.ClassLoaders$AppClassLoader.loadClass(ClassLoaders.java:188) ~[na:na]
	at java.base/java.lang.ClassLoader.loadClass(ClassLoader.java:525) ~[na:na]
	at java.base/java.lang.Class.forName0(Native Method) ~[na:na]
	at java.base/java.lang.Class.forName(Class.java:467) ~[na:na]
	at org.springframework.boot.devtools.restart.classloader.RestartClassLoader.loadClass(RestartClassLoader.java:123) ~[spring-boot-devtools-4.0.2.jar:4.0.2]
	at java.base/java.lang.ClassLoader.loadClass(ClassLoader.java:525) ~[na:na]
	at java.base/java.lang.Class.forName0(Native Method) ~[na:na]
	at java.base/java.lang.Class.forName(Class.java:467) ~[na:na]
	at org.springframework.util.ClassUtils.forName(ClassUtils.java:302) ~[spring-core-7.0.5.jar:7.0.5]
	at org.springframework.util.ClassUtils.resolveClassName(ClassUtils.java:343) ~[spring-core-7.0.5.jar:7.0.5]
	... 27 common frames omitted

2026-03-19T00:20:32.068+05:30  INFO 13636 --- [core_service] [restartedMain] c.n.core_service.CoreServiceApplication  : Starting CoreServiceApplication using Java 17.0.12 with PID 13636 (D:\Naved_project_conf\core_service\build\classes\java\main started by Lenovo in D:\Naved_project_conf\core_service)
2026-03-19T00:20:32.080+05:30  INFO 13636 --- [core_service] [restartedMain] c.n.core_service.CoreServiceApplication  : No active profile set, falling back to 1 default profile: "default"
2026-03-19T00:20:32.214+05:30  INFO 13636 --- [core_service] [restartedMain] .e.DevToolsPropertyDefaultsPostProcessor : Devtools property defaults active! Set 'spring.devtools.add-properties' to 'false' to disable
2026-03-19T00:20:32.214+05:30  INFO 13636 --- [core_service] [restartedMain] .e.DevToolsPropertyDefaultsPostProcessor : For additional web related logging consider setting the 'logging.level.web' property to 'DEBUG'
2026-03-19T00:20:33.623+05:30  WARN 13636 --- [core_service] [restartedMain] ConfigServletWebServerApplicationContext : Exception encountered during context initialization - cancelling refresh attempt: java.lang.IllegalStateException: Failed to generate bean name for imported class 'de.codecentric.boot.admin.client.config.SpringBootAdminClientAutoConfiguration$ServletConfiguration'
2026-03-19T00:20:33.634+05:30  INFO 13636 --- [core_service] [restartedMain] .s.b.a.l.ConditionEvaluationReportLogger : 

Error starting ApplicationContext. To display the condition evaluation report re-run your application with 'debug' enabled.
2026-03-19T00:20:33.669+05:30 ERROR 13636 --- [core_service] [restartedMain] o.s.boot.SpringApplication               : Application run failed

java.lang.IllegalStateException: Failed to generate bean name for imported class 'de.codecentric.boot.admin.client.config.SpringBootAdminClientAutoConfiguration$ServletConfiguration'
	at org.springframework.context.annotation.ConfigurationClassBeanDefinitionReader.registerBeanDefinitionForImportedConfigurationClass(ConfigurationClassBeanDefinitionReader.java:172) ~[spring-context-7.0.5.jar:7.0.5]
	at org.springframework.context.annotation.ConfigurationClassBeanDefinitionReader.loadBeanDefinitionsForConfigurationClass(ConfigurationClassBeanDefinitionReader.java:145) ~[spring-context-7.0.5.jar:7.0.5]
	at org.springframework.context.annotation.ConfigurationClassBeanDefinitionReader.loadBeanDefinitions(ConfigurationClassBeanDefinitionReader.java:124) ~[spring-context-7.0.5.jar:7.0.5]
	at org.springframework.context.annotation.ConfigurationClassPostProcessor.processConfigBeanDefinitions(ConfigurationClassPostProcessor.java:458) ~[spring-context-7.0.5.jar:7.0.5]
	at org.springframework.context.annotation.ConfigurationClassPostProcessor.postProcessBeanDefinitionRegistry(ConfigurationClassPostProcessor.java:310) ~[spring-context-7.0.5.jar:7.0.5]
	at org.springframework.context.support.PostProcessorRegistrationDelegate.invokeBeanDefinitionRegistryPostProcessors(PostProcessorRegistrationDelegate.java:349) ~[spring-context-7.0.5.jar:7.0.5]
	at org.springframework.context.support.PostProcessorRegistrationDelegate.invokeBeanFactoryPostProcessors(PostProcessorRegistrationDelegate.java:118) ~[spring-context-7.0.5.jar:7.0.5]
	at org.springframework.context.support.AbstractApplicationContext.invokeBeanFactoryPostProcessors(AbstractApplicationContext.java:795) ~[spring-context-7.0.5.jar:7.0.5]
	at org.springframework.context.support.AbstractApplicationContext.refresh(AbstractApplicationContext.java:603) ~[spring-context-7.0.5.jar:7.0.5]
	at org.springframework.boot.web.server.servlet.context.ServletWebServerApplicationContext.refresh(ServletWebServerApplicationContext.java:143) ~[spring-boot-web-server-4.0.3.jar:4.0.3]
	at org.springframework.boot.SpringApplication.refresh(SpringApplication.java:756) ~[spring-boot-4.0.3.jar:4.0.3]
	at org.springframework.boot.SpringApplication.refreshContext(SpringApplication.java:445) ~[spring-boot-4.0.3.jar:4.0.3]
	at org.springframework.boot.SpringApplication.run(SpringApplication.java:321) ~[spring-boot-4.0.3.jar:4.0.3]
	at org.springframework.boot.SpringApplication.run(SpringApplication.java:1365) ~[spring-boot-4.0.3.jar:4.0.3]
	at org.springframework.boot.SpringApplication.run(SpringApplication.java:1354) ~[spring-boot-4.0.3.jar:4.0.3]
	at com.naved.core_service.CoreServiceApplication.main(CoreServiceApplication.java:12) ~[main/:na]
	at java.base/jdk.internal.reflect.NativeMethodAccessorImpl.invoke0(Native Method) ~[na:na]
	at java.base/jdk.internal.reflect.NativeMethodAccessorImpl.invoke(NativeMethodAccessorImpl.java:77) ~[na:na]
	at java.base/jdk.internal.reflect.DelegatingMethodAccessorImpl.invoke(DelegatingMethodAccessorImpl.java:43) ~[na:na]
	at java.base/java.lang.reflect.Method.invoke(Method.java:568) ~[na:na]
	at org.springframework.boot.devtools.restart.RestartLauncher.run(RestartLauncher.java:52) ~[spring-boot-devtools-4.0.2.jar:4.0.2]
Caused by: java.lang.IllegalArgumentException: Could not find class [org.springframework.boot.autoconfigure.web.servlet.DispatcherServletAutoConfiguration]
	at org.springframework.util.ClassUtils.resolveClassName(ClassUtils.java:353) ~[spring-core-7.0.5.jar:7.0.5]
	at org.springframework.core.annotation.TypeMappedAnnotation.adapt(TypeMappedAnnotation.java:451) ~[spring-core-7.0.5.jar:7.0.5]
	at org.springframework.core.annotation.TypeMappedAnnotation.getValue(TypeMappedAnnotation.java:384) ~[spring-core-7.0.5.jar:7.0.5]
	at org.springframework.core.annotation.TypeMappedAnnotation.asMap(TypeMappedAnnotation.java:273) ~[spring-core-7.0.5.jar:7.0.5]
	at org.springframework.core.annotation.AbstractMergedAnnotation.asAnnotationAttributes(AbstractMergedAnnotation.java:191) ~[spring-core-7.0.5.jar:7.0.5]
	at org.springframework.context.annotation.AnnotationBeanNameGenerator.determineBeanNameFromAnnotation(AnnotationBeanNameGenerator.java:143) ~[spring-context-7.0.5.jar:7.0.5]
	at org.springframework.context.annotation.AnnotationBeanNameGenerator.generateBeanName(AnnotationBeanNameGenerator.java:110) ~[spring-context-7.0.5.jar:7.0.5]
	at org.springframework.context.annotation.ConfigurationClassBeanDefinitionReader.registerBeanDefinitionForImportedConfigurationClass(ConfigurationClassBeanDefinitionReader.java:168) ~[spring-context-7.0.5.jar:7.0.5]
	... 20 common frames omitted
Caused by: java.lang.ClassNotFoundException: org.springframework.boot.autoconfigure.web.servlet.DispatcherServletAutoConfiguration
	at java.base/jdk.internal.loader.BuiltinClassLoader.loadClass(BuiltinClassLoader.java:641) ~[na:na]
	at java.base/jdk.internal.loader.ClassLoaders$AppClassLoader.loadClass(ClassLoaders.java:188) ~[na:na]
	at java.base/java.lang.ClassLoader.loadClass(ClassLoader.java:525) ~[na:na]
	at java.base/java.lang.Class.forName0(Native Method) ~[na:na]
	at java.base/java.lang.Class.forName(Class.java:467) ~[na:na]
	at org.springframework.boot.devtools.restart.classloader.RestartClassLoader.loadClass(RestartClassLoader.java:123) ~[spring-boot-devtools-4.0.2.jar:4.0.2]
	at java.base/java.lang.ClassLoader.loadClass(ClassLoader.java:525) ~[na:na]
	at java.base/java.lang.Class.forName0(Native Method) ~[na:na]
	at java.base/java.lang.Class.forName(Class.java:467) ~[na:na]
	at org.springframework.util.ClassUtils.forName(ClassUtils.java:302) ~[spring-core-7.0.5.jar:7.0.5]
	at org.springframework.util.ClassUtils.resolveClassName(ClassUtils.java:343) ~[spring-core-7.0.5.jar:7.0.5]
	... 27 common frames omitted

2026-03-19T00:23:34.386+05:30  INFO 13276 --- [core_service] [restartedMain] c.n.core_service.CoreServiceApplication  : Starting CoreServiceApplication using Java 17.0.12 with PID 13276 (D:\Naved_project_conf\core_service\build\classes\java\main started by Lenovo in D:\Naved_project_conf\core_service)
2026-03-19T00:23:34.396+05:30  INFO 13276 --- [core_service] [restartedMain] c.n.core_service.CoreServiceApplication  : No active profile set, falling back to 1 default profile: "default"
2026-03-19T00:23:34.529+05:30  INFO 13276 --- [core_service] [restartedMain] .e.DevToolsPropertyDefaultsPostProcessor : Devtools property defaults active! Set 'spring.devtools.add-properties' to 'false' to disable
2026-03-19T00:23:34.530+05:30  INFO 13276 --- [core_service] [restartedMain] .e.DevToolsPropertyDefaultsPostProcessor : For additional web related logging consider setting the 'logging.level.web' property to 'DEBUG'
2026-03-19T00:23:35.974+05:30  WARN 13276 --- [core_service] [restartedMain] ConfigServletWebServerApplicationContext : Exception encountered during context initialization - cancelling refresh attempt: java.lang.IllegalStateException: Failed to generate bean name for imported class 'org.springframework.cloud.autoconfigure.LifecycleMvcEndpointAutoConfiguration'
2026-03-19T00:23:35.983+05:30  INFO 13276 --- [core_service] [restartedMain] .s.b.a.l.ConditionEvaluationReportLogger : 

Error starting ApplicationContext. To display the condition evaluation report re-run your application with 'debug' enabled.
2026-03-19T00:23:36.015+05:30 ERROR 13276 --- [core_service] [restartedMain] o.s.boot.SpringApplication               : Application run failed

java.lang.IllegalStateException: Failed to generate bean name for imported class 'org.springframework.cloud.autoconfigure.LifecycleMvcEndpointAutoConfiguration'
	at org.springframework.context.annotation.ConfigurationClassBeanDefinitionReader.registerBeanDefinitionForImportedConfigurationClass(ConfigurationClassBeanDefinitionReader.java:172) ~[spring-context-7.0.5.jar:7.0.5]
	at org.springframework.context.annotation.ConfigurationClassBeanDefinitionReader.loadBeanDefinitionsForConfigurationClass(ConfigurationClassBeanDefinitionReader.java:145) ~[spring-context-7.0.5.jar:7.0.5]
	at org.springframework.context.annotation.ConfigurationClassBeanDefinitionReader.loadBeanDefinitions(ConfigurationClassBeanDefinitionReader.java:124) ~[spring-context-7.0.5.jar:7.0.5]
	at org.springframework.context.annotation.ConfigurationClassPostProcessor.processConfigBeanDefinitions(ConfigurationClassPostProcessor.java:458) ~[spring-context-7.0.5.jar:7.0.5]
	at org.springframework.context.annotation.ConfigurationClassPostProcessor.postProcessBeanDefinitionRegistry(ConfigurationClassPostProcessor.java:310) ~[spring-context-7.0.5.jar:7.0.5]
	at org.springframework.context.support.PostProcessorRegistrationDelegate.invokeBeanDefinitionRegistryPostProcessors(PostProcessorRegistrationDelegate.java:349) ~[spring-context-7.0.5.jar:7.0.5]
	at org.springframework.context.support.PostProcessorRegistrationDelegate.invokeBeanFactoryPostProcessors(PostProcessorRegistrationDelegate.java:118) ~[spring-context-7.0.5.jar:7.0.5]
	at org.springframework.context.support.AbstractApplicationContext.invokeBeanFactoryPostProcessors(AbstractApplicationContext.java:795) ~[spring-context-7.0.5.jar:7.0.5]
	at org.springframework.context.support.AbstractApplicationContext.refresh(AbstractApplicationContext.java:603) ~[spring-context-7.0.5.jar:7.0.5]
	at org.springframework.boot.web.server.servlet.context.ServletWebServerApplicationContext.refresh(ServletWebServerApplicationContext.java:143) ~[spring-boot-web-server-4.0.3.jar:4.0.3]
	at org.springframework.boot.SpringApplication.refresh(SpringApplication.java:756) ~[spring-boot-4.0.3.jar:4.0.3]
	at org.springframework.boot.SpringApplication.refreshContext(SpringApplication.java:445) ~[spring-boot-4.0.3.jar:4.0.3]
	at org.springframework.boot.SpringApplication.run(SpringApplication.java:321) ~[spring-boot-4.0.3.jar:4.0.3]
	at org.springframework.boot.SpringApplication.run(SpringApplication.java:1365) ~[spring-boot-4.0.3.jar:4.0.3]
	at org.springframework.boot.SpringApplication.run(SpringApplication.java:1354) ~[spring-boot-4.0.3.jar:4.0.3]
	at com.naved.core_service.CoreServiceApplication.main(CoreServiceApplication.java:12) ~[main/:na]
	at java.base/jdk.internal.reflect.NativeMethodAccessorImpl.invoke0(Native Method) ~[na:na]
	at java.base/jdk.internal.reflect.NativeMethodAccessorImpl.invoke(NativeMethodAccessorImpl.java:77) ~[na:na]
	at java.base/jdk.internal.reflect.DelegatingMethodAccessorImpl.invoke(DelegatingMethodAccessorImpl.java:43) ~[na:na]
	at java.base/java.lang.reflect.Method.invoke(Method.java:568) ~[na:na]
	at org.springframework.boot.devtools.restart.RestartLauncher.run(RestartLauncher.java:52) ~[spring-boot-devtools-4.0.2.jar:4.0.2]
Caused by: java.lang.IllegalArgumentException: Could not find class [org.springframework.boot.autoconfigure.web.servlet.WebMvcAutoConfiguration]
	at org.springframework.util.ClassUtils.resolveClassName(ClassUtils.java:353) ~[spring-core-7.0.5.jar:7.0.5]
	at org.springframework.core.annotation.TypeMappedAnnotation.adapt(TypeMappedAnnotation.java:451) ~[spring-core-7.0.5.jar:7.0.5]
	at org.springframework.core.annotation.TypeMappedAnnotation.getValue(TypeMappedAnnotation.java:384) ~[spring-core-7.0.5.jar:7.0.5]
	at org.springframework.core.annotation.TypeMappedAnnotation.asMap(TypeMappedAnnotation.java:273) ~[spring-core-7.0.5.jar:7.0.5]
	at org.springframework.core.annotation.AbstractMergedAnnotation.asAnnotationAttributes(AbstractMergedAnnotation.java:191) ~[spring-core-7.0.5.jar:7.0.5]
	at org.springframework.context.annotation.AnnotationBeanNameGenerator.determineBeanNameFromAnnotation(AnnotationBeanNameGenerator.java:143) ~[spring-context-7.0.5.jar:7.0.5]
	at org.springframework.context.annotation.AnnotationBeanNameGenerator.generateBeanName(AnnotationBeanNameGenerator.java:110) ~[spring-context-7.0.5.jar:7.0.5]
	at org.springframework.context.annotation.ConfigurationClassBeanDefinitionReader.registerBeanDefinitionForImportedConfigurationClass(ConfigurationClassBeanDefinitionReader.java:168) ~[spring-context-7.0.5.jar:7.0.5]
	... 20 common frames omitted
Caused by: java.lang.ClassNotFoundException: org.springframework.boot.autoconfigure.web.servlet.WebMvcAutoConfiguration
	at java.base/jdk.internal.loader.BuiltinClassLoader.loadClass(BuiltinClassLoader.java:641) ~[na:na]
	at java.base/jdk.internal.loader.ClassLoaders$AppClassLoader.loadClass(ClassLoaders.java:188) ~[na:na]
	at java.base/java.lang.ClassLoader.loadClass(ClassLoader.java:525) ~[na:na]
	at java.base/java.lang.Class.forName0(Native Method) ~[na:na]
	at java.base/java.lang.Class.forName(Class.java:467) ~[na:na]
	at org.springframework.boot.devtools.restart.classloader.RestartClassLoader.loadClass(RestartClassLoader.java:123) ~[spring-boot-devtools-4.0.2.jar:4.0.2]
	at java.base/java.lang.ClassLoader.loadClass(ClassLoader.java:525) ~[na:na]
	at java.base/java.lang.Class.forName0(Native Method) ~[na:na]
	at java.base/java.lang.Class.forName(Class.java:467) ~[na:na]
	at org.springframework.util.ClassUtils.forName(ClassUtils.java:302) ~[spring-core-7.0.5.jar:7.0.5]
	at org.springframework.util.ClassUtils.resolveClassName(ClassUtils.java:343) ~[spring-core-7.0.5.jar:7.0.5]
	... 27 common frames omitted

2026-03-19T00:32:05.099+05:30  INFO 1256 --- [core_service] [restartedMain] c.n.core_service.CoreServiceApplication  : Starting CoreServiceApplication using Java 17.0.12 with PID 1256 (D:\Naved_project_conf\core_service\build\classes\java\main started by Lenovo in D:\Naved_project_conf\core_service)
2026-03-19T00:32:05.107+05:30  INFO 1256 --- [core_service] [restartedMain] c.n.core_service.CoreServiceApplication  : No active profile set, falling back to 1 default profile: "default"
2026-03-19T00:32:05.220+05:30  INFO 1256 --- [core_service] [restartedMain] .e.DevToolsPropertyDefaultsPostProcessor : Devtools property defaults active! Set 'spring.devtools.add-properties' to 'false' to disable
2026-03-19T00:32:05.221+05:30  INFO 1256 --- [core_service] [restartedMain] .e.DevToolsPropertyDefaultsPostProcessor : For additional web related logging consider setting the 'logging.level.web' property to 'DEBUG'
2026-03-19T00:32:06.425+05:30  INFO 1256 --- [core_service] [restartedMain] .s.d.r.c.RepositoryConfigurationDelegate : Bootstrapping Spring Data JPA repositories in DEFAULT mode.
2026-03-19T00:32:06.552+05:30  INFO 1256 --- [core_service] [restartedMain] .s.d.r.c.RepositoryConfigurationDelegate : Finished Spring Data repository scanning in 103 ms. Found 7 JPA repository interfaces.
2026-03-19T00:32:07.414+05:30  INFO 1256 --- [core_service] [restartedMain] o.s.boot.tomcat.TomcatWebServer          : Tomcat initialized with port 9092 (http)
2026-03-19T00:32:07.436+05:30  INFO 1256 --- [core_service] [restartedMain] o.apache.catalina.core.StandardService   : Starting service [Tomcat]
2026-03-19T00:32:07.436+05:30  INFO 1256 --- [core_service] [restartedMain] o.apache.catalina.core.StandardEngine    : Starting Servlet engine: [Apache Tomcat/11.0.18]
2026-03-19T00:32:07.512+05:30  INFO 1256 --- [core_service] [restartedMain] b.w.c.s.WebApplicationContextInitializer : Root WebApplicationContext: initialization completed in 2289 ms
2026-03-19T00:32:07.821+05:30  INFO 1256 --- [core_service] [restartedMain] com.zaxxer.hikari.HikariDataSource       : HikariPool-1 - Starting...
2026-03-19T00:32:08.305+05:30  INFO 1256 --- [core_service] [restartedMain] com.zaxxer.hikari.pool.HikariPool        : HikariPool-1 - Added connection org.postgresql.jdbc.PgConnection@cf3c9f4
2026-03-19T00:32:08.307+05:30  INFO 1256 --- [core_service] [restartedMain] com.zaxxer.hikari.HikariDataSource       : HikariPool-1 - Start completed.
2026-03-19T00:32:08.363+05:30  INFO 1256 --- [core_service] [restartedMain] org.hibernate.orm.jpa                    : HHH008540: Processing PersistenceUnitInfo [name: default]
2026-03-19T00:32:08.525+05:30  INFO 1256 --- [core_service] [restartedMain] org.hibernate.orm.core                   : HHH000001: Hibernate ORM core version 7.2.4.Final
2026-03-19T00:32:09.534+05:30  INFO 1256 --- [core_service] [restartedMain] o.s.o.j.p.SpringPersistenceUnitInfo      : No LoadTimeWeaver setup: ignoring JPA class transformer
2026-03-19T00:32:09.759+05:30  INFO 1256 --- [core_service] [restartedMain] org.hibernate.orm.connections.pooling    : HHH10001005: Database info:
	Database JDBC URL [jdbc:postgresql://localhost:5432/core_postgres]
	Database driver: PostgreSQL JDBC Driver
	Database dialect: PostgreSQLDialect
	Database version: 15.17
	Default catalog/schema: core_postgres/public
	Autocommit mode: undefined/unknown
	Isolation level: READ_COMMITTED [default READ_COMMITTED]
	JDBC fetch size: none
	Pool: DataSourceConnectionProvider
	Minimum pool size: undefined/unknown
	Maximum pool size: undefined/unknown
2026-03-19T00:32:11.718+05:30  INFO 1256 --- [core_service] [restartedMain] org.hibernate.orm.core                   : HHH000489: No JTA platform available (set 'hibernate.transaction.jta.platform' to enable JTA platform integration)
2026-03-19T00:32:11.739+05:30  INFO 1256 --- [core_service] [restartedMain] j.LocalContainerEntityManagerFactoryBean : Initialized JPA EntityManagerFactory for persistence unit 'default'
2026-03-19T00:32:11.949+05:30  INFO 1256 --- [core_service] [restartedMain] o.s.d.j.r.query.QueryEnhancerFactories   : Hibernate is in classpath; If applicable, HQL parser will be used.
2026-03-19T00:32:12.617+05:30  WARN 1256 --- [core_service] [restartedMain] JpaBaseConfiguration$JpaWebConfiguration : spring.jpa.open-in-view is enabled by default. Therefore, database queries may be performed during view rendering. Explicitly configure spring.jpa.open-in-view to disable this warning
2026-03-19T00:32:13.569+05:30  INFO 1256 --- [core_service] [restartedMain] o.s.boot.tomcat.TomcatWebServer          : Tomcat started on port 9092 (http) with context path '/'
2026-03-19T00:32:13.592+05:30  INFO 1256 --- [core_service] [restartedMain] c.n.core_service.CoreServiceApplication  : Started CoreServiceApplication in 9.506 seconds (process running for 10.643)
2026-03-19T00:32:15.848+05:30  INFO 1256 --- [core_service] [File Watcher] rtingClassPathChangeChangedEventListener : Restarting due to 6 class path changes (0 additions, 0 deletions, 6 modifications)
2026-03-19T00:32:15.861+05:30  INFO 1256 --- [core_service] [Thread-1] o.s.boot.tomcat.GracefulShutdown         : Commencing graceful shutdown. Waiting for active requests to complete
2026-03-19T00:32:16.322+05:30  INFO 1256 --- [core_service] [tomcat-shutdown] o.s.boot.tomcat.GracefulShutdown         : Graceful shutdown complete
2026-03-19T00:32:16.329+05:30  INFO 1256 --- [core_service] [Thread-1] j.LocalContainerEntityManagerFactoryBean : Closing JPA EntityManagerFactory for persistence unit 'default'
2026-03-19T00:32:16.336+05:30  INFO 1256 --- [core_service] [Thread-1] com.zaxxer.hikari.HikariDataSource       : HikariPool-1 - Shutdown initiated...
2026-03-19T00:32:16.342+05:30  INFO 1256 --- [core_service] [Thread-1] com.zaxxer.hikari.HikariDataSource       : HikariPool-1 - Shutdown completed.
2026-03-19T00:32:16.494+05:30  INFO 1256 --- [core_service] [restartedMain] c.n.core_service.CoreServiceApplication  : Starting CoreServiceApplication using Java 17.0.12 with PID 1256 (D:\Naved_project_conf\core_service\build\classes\java\main started by Lenovo in D:\Naved_project_conf\core_service)
2026-03-19T00:32:16.495+05:30  INFO 1256 --- [core_service] [restartedMain] c.n.core_service.CoreServiceApplication  : No active profile set, falling back to 1 default profile: "default"
2026-03-19T00:32:16.907+05:30  INFO 1256 --- [core_service] [restartedMain] .s.d.r.c.RepositoryConfigurationDelegate : Bootstrapping Spring Data JPA repositories in DEFAULT mode.
2026-03-19T00:32:16.970+05:30  INFO 1256 --- [core_service] [restartedMain] .s.d.r.c.RepositoryConfigurationDelegate : Finished Spring Data repository scanning in 59 ms. Found 7 JPA repository interfaces.
2026-03-19T00:32:17.147+05:30  INFO 1256 --- [core_service] [restartedMain] o.s.boot.tomcat.TomcatWebServer          : Tomcat initialized with port 9092 (http)
2026-03-19T00:32:17.149+05:30  INFO 1256 --- [core_service] [restartedMain] o.apache.catalina.core.StandardService   : Starting service [Tomcat]
2026-03-19T00:32:17.150+05:30  INFO 1256 --- [core_service] [restartedMain] o.apache.catalina.core.StandardEngine    : Starting Servlet engine: [Apache Tomcat/11.0.18]
2026-03-19T00:32:17.202+05:30  INFO 1256 --- [core_service] [restartedMain] b.w.c.s.WebApplicationContextInitializer : Root WebApplicationContext: initialization completed in 702 ms
2026-03-19T00:32:17.278+05:30  INFO 1256 --- [core_service] [restartedMain] com.zaxxer.hikari.HikariDataSource       : HikariPool-2 - Starting...
2026-03-19T00:32:17.393+05:30  INFO 1256 --- [core_service] [restartedMain] com.zaxxer.hikari.pool.HikariPool        : HikariPool-2 - Added connection org.postgresql.jdbc.PgConnection@6ebe4d64
2026-03-19T00:32:17.393+05:30  INFO 1256 --- [core_service] [restartedMain] com.zaxxer.hikari.HikariDataSource       : HikariPool-2 - Start completed.
2026-03-19T00:32:17.395+05:30  INFO 1256 --- [core_service] [restartedMain] org.hibernate.orm.jpa                    : HHH008540: Processing PersistenceUnitInfo [name: default]
2026-03-19T00:32:17.463+05:30  INFO 1256 --- [core_service] [restartedMain] o.s.o.j.p.SpringPersistenceUnitInfo      : No LoadTimeWeaver setup: ignoring JPA class transformer
2026-03-19T00:32:17.486+05:30  INFO 1256 --- [core_service] [restartedMain] org.hibernate.orm.connections.pooling    : HHH10001005: Database info:
	Database JDBC URL [jdbc:postgresql://localhost:5432/core_postgres]
	Database driver: PostgreSQL JDBC Driver
	Database dialect: PostgreSQLDialect
	Database version: 15.17
	Default catalog/schema: core_postgres/public
	Autocommit mode: undefined/unknown
	Isolation level: READ_COMMITTED [default READ_COMMITTED]
	JDBC fetch size: none
	Pool: DataSourceConnectionProvider
	Minimum pool size: undefined/unknown
	Maximum pool size: undefined/unknown
2026-03-19T00:32:17.724+05:30  INFO 1256 --- [core_service] [restartedMain] org.hibernate.orm.core                   : HHH000489: No JTA platform available (set 'hibernate.transaction.jta.platform' to enable JTA platform integration)
2026-03-19T00:32:17.727+05:30  INFO 1256 --- [core_service] [restartedMain] j.LocalContainerEntityManagerFactoryBean : Initialized JPA EntityManagerFactory for persistence unit 'default'
2026-03-19T00:32:17.965+05:30  WARN 1256 --- [core_service] [restartedMain] JpaBaseConfiguration$JpaWebConfiguration : spring.jpa.open-in-view is enabled by default. Therefore, database queries may be performed during view rendering. Explicitly configure spring.jpa.open-in-view to disable this warning
2026-03-19T00:32:18.168+05:30  INFO 1256 --- [core_service] [restartedMain] o.s.boot.tomcat.TomcatWebServer          : Tomcat started on port 9092 (http) with context path '/'
2026-03-19T00:32:18.173+05:30  INFO 1256 --- [core_service] [restartedMain] c.n.core_service.CoreServiceApplication  : Started CoreServiceApplication in 1.743 seconds (process running for 15.223)
2026-03-19T00:32:18.176+05:30  INFO 1256 --- [core_service] [restartedMain] .ConditionEvaluationDeltaLoggingListener : Condition evaluation unchanged
2026-03-19T00:32:29.226+05:30  INFO 1256 --- [core_service] [http-nio-9092-exec-1] o.a.c.c.C.[Tomcat].[localhost].[/]       : Initializing Spring DispatcherServlet 'dispatcherServlet'
2026-03-19T00:32:29.226+05:30  INFO 1256 --- [core_service] [http-nio-9092-exec-1] o.s.web.servlet.DispatcherServlet        : Initializing Servlet 'dispatcherServlet'
2026-03-19T00:32:29.238+05:30  INFO 1256 --- [core_service] [http-nio-9092-exec-1] o.s.web.servlet.DispatcherServlet        : Completed initialization in 0 ms
2026-03-19T00:32:33.456+05:30  INFO 1256 --- [core_service] [SpringApplicationShutdownHook] o.s.boot.tomcat.GracefulShutdown         : Commencing graceful shutdown. Waiting for active requests to complete
2026-03-19T00:32:33.757+05:30  INFO 1256 --- [core_service] [tomcat-shutdown] o.s.boot.tomcat.GracefulShutdown         : Graceful shutdown complete
2026-03-19T00:32:33.760+05:30  INFO 1256 --- [core_service] [SpringApplicationShutdownHook] j.LocalContainerEntityManagerFactoryBean : Closing JPA EntityManagerFactory for persistence unit 'default'
2026-03-19T00:32:33.761+05:30  INFO 1256 --- [core_service] [SpringApplicationShutdownHook] com.zaxxer.hikari.HikariDataSource       : HikariPool-2 - Shutdown initiated...
2026-03-19T00:32:33.764+05:30  INFO 1256 --- [core_service] [SpringApplicationShutdownHook] com.zaxxer.hikari.HikariDataSource       : HikariPool-2 - Shutdown completed.
